{"total": {"lines":{"total":310,"covered":264,"skipped":0,"pct":85.16},"statements":{"total":330,"covered":283,"skipped":0,"pct":85.75},"functions":{"total":43,"covered":41,"skipped":0,"pct":95.34},"branches":{"total":126,"covered":86,"skipped":0,"pct":68.25},"branchesTrue":{"total":0,"covered":0,"skipped":0,"pct":100}}
,"/home/shay/a/tlelievr/Documents/group5-ece461-npm-module-metrics/src/controllers/metrics-controller.ts": {"lines":{"total":22,"covered":20,"skipped":0,"pct":90.9},"functions":{"total":3,"covered":3,"skipped":0,"pct":100},"statements":{"total":24,"covered":22,"skipped":0,"pct":91.66},"branches":{"total":1,"covered":0,"skipped":0,"pct":0}}
,"/home/shay/a/tlelievr/Documents/group5-ece461-npm-module-metrics/src/services/license-verifier.ts": {"lines":{"total":36,"covered":36,"skipped":0,"pct":100},"functions":{"total":7,"covered":7,"skipped":0,"pct":100},"statements":{"total":39,"covered":39,"skipped":0,"pct":100},"branches":{"total":10,"covered":7,"skipped":0,"pct":70}}
,"/home/shay/a/tlelievr/Documents/group5-ece461-npm-module-metrics/src/services/metrics-calculator.ts": {"lines":{"total":106,"covered":87,"skipped":0,"pct":82.07},"functions":{"total":11,"covered":11,"skipped":0,"pct":100},"statements":{"total":111,"covered":92,"skipped":0,"pct":82.88},"branches":{"total":57,"covered":39,"skipped":0,"pct":68.42}}
,"/home/shay/a/tlelievr/Documents/group5-ece461-npm-module-metrics/src/services/metrics-data-retriever.ts": {"lines":{"total":66,"covered":61,"skipped":0,"pct":92.42},"functions":{"total":12,"covered":12,"skipped":0,"pct":100},"statements":{"total":70,"covered":65,"skipped":0,"pct":92.85},"branches":{"total":35,"covered":26,"skipped":0,"pct":74.28}}
,"/home/shay/a/tlelievr/Documents/group5-ece461-npm-module-metrics/src/services/npm-url-resolver.ts": {"lines":{"total":16,"covered":16,"skipped":0,"pct":100},"functions":{"total":2,"covered":2,"skipped":0,"pct":100},"statements":{"total":18,"covered":18,"skipped":0,"pct":100},"branches":{"total":6,"covered":6,"skipped":0,"pct":100}}
,"/home/shay/a/tlelievr/Documents/group5-ece461-npm-module-metrics/src/services/url-file-processor.ts": {"lines":{"total":31,"covered":25,"skipped":0,"pct":80.64},"functions":{"total":6,"covered":6,"skipped":0,"pct":100},"statements":{"total":34,"covered":28,"skipped":0,"pct":82.35},"branches":{"total":6,"covered":3,"skipped":0,"pct":50}}
,"/home/shay/a/tlelievr/Documents/group5-ece461-npm-module-metrics/src/utils/logger.ts": {"lines":{"total":33,"covered":19,"skipped":0,"pct":57.57},"functions":{"total":2,"covered":0,"skipped":0,"pct":0},"statements":{"total":34,"covered":19,"skipped":0,"pct":55.88},"branches":{"total":11,"covered":5,"skipped":0,"pct":45.45}}
}
